0 info it worked if it ends with ok
1 verbose cli [ '/usr/bin/node',
1 verbose cli   '/usr/bin/npm',
1 verbose cli   'install',
1 verbose cli   '--save-dev',
1 verbose cli   'eslint' ]
2 info using npm@3.5.2
3 info using node@v8.10.0
4 silly loadCurrentTree Starting
5 silly install loadCurrentTree
6 silly install readLocalPackageData
7 silly fetchPackageMetaData eslint@^8.34.0
8 silly fetchNamedPackageData eslint
9 silly mapToRegistry name eslint
10 silly mapToRegistry using default registry
11 silly mapToRegistry registry https://registry.npmjs.org/
12 silly mapToRegistry uri https://registry.npmjs.org/eslint
13 verbose request uri https://registry.npmjs.org/eslint
14 verbose request no auth needed
15 info attempt registry request try #1 at 3:56:22 PM
16 verbose request id 50472f1b809cdcfd
17 verbose etag W/"336536d4a788fa1fae3b31e85d325d88"
18 verbose lastModified Fri, 16 Jun 2023 21:53:48 GMT
19 http request GET https://registry.npmjs.org/eslint
20 http 304 https://registry.npmjs.org/eslint
21 verbose headers { date: 'Mon, 19 Jun 2023 22:56:23 GMT',
21 verbose headers   connection: 'keep-alive',
21 verbose headers   'cf-ray': '7d9f5d70db10c401-LED',
21 verbose headers   'cf-cache-status': 'HIT',
21 verbose headers   age: '231',
21 verbose headers   'cache-control': 'public, max-age=300',
21 verbose headers   etag: '"336536d4a788fa1fae3b31e85d325d88"',
21 verbose headers   'last-modified': 'Fri, 16 Jun 2023 21:53:48 GMT',
21 verbose headers   vary: 'Accept-Encoding',
21 verbose headers   'x-amz-replication-status': 'PENDING',
21 verbose headers   'x-amz-server-side-encryption': 'AES256',
21 verbose headers   server: 'cloudflare' }
22 silly get cb [ 304,
22 silly get   { date: 'Mon, 19 Jun 2023 22:56:23 GMT',
22 silly get     connection: 'keep-alive',
22 silly get     'cf-ray': '7d9f5d70db10c401-LED',
22 silly get     'cf-cache-status': 'HIT',
22 silly get     age: '231',
22 silly get     'cache-control': 'public, max-age=300',
22 silly get     etag: '"336536d4a788fa1fae3b31e85d325d88"',
22 silly get     'last-modified': 'Fri, 16 Jun 2023 21:53:48 GMT',
22 silly get     vary: 'Accept-Encoding',
22 silly get     'x-amz-replication-status': 'PENDING',
22 silly get     'x-amz-server-side-encryption': 'AES256',
22 silly get     server: 'cloudflare' } ]
23 verbose etag https://registry.npmjs.org/eslint from cache
24 verbose get saving eslint to /home/happy/.npm/registry.npmjs.org/eslint/.cache.json
25 silly install normalizeTree
26 silly loadCurrentTree Finishing
27 silly loadIdealTree Starting
28 silly install loadIdealTree
29 silly cloneCurrentTree Starting
30 silly install cloneCurrentTreeToIdealTree
31 silly cloneCurrentTree Finishing
32 silly loadShrinkwrap Starting
33 silly install loadShrinkwrap
34 silly loadShrinkwrap Finishing
35 silly loadAllDepsIntoIdealTree Starting
36 silly install loadAllDepsIntoIdealTree
37 silly resolveWithNewModule eslint@8.43.0 checking installable status
38 silly cache add args [ 'eslint@^8.34.0', null ]
39 verbose cache add spec eslint@^8.34.0
40 silly cache add parsed spec Result {
40 silly cache add   raw: 'eslint@^8.34.0',
40 silly cache add   scope: null,
40 silly cache add   name: 'eslint',
40 silly cache add   rawSpec: '^8.34.0',
40 silly cache add   spec: '>=8.34.0 <9.0.0',
40 silly cache add   type: 'range' }
41 silly addNamed eslint@>=8.34.0 <9.0.0
42 verbose addNamed ">=8.34.0 <9.0.0" is a valid semver range for eslint
43 silly addNameRange { name: 'eslint', range: '>=8.34.0 <9.0.0', hasData: false }
44 silly mapToRegistry name eslint
45 silly mapToRegistry using default registry
46 silly mapToRegistry registry https://registry.npmjs.org/
47 silly mapToRegistry uri https://registry.npmjs.org/eslint
48 verbose addNameRange registry:https://registry.npmjs.org/eslint not in flight; fetching
49 verbose get https://registry.npmjs.org/eslint not expired, no request
50 silly addNameRange number 2 { name: 'eslint', range: '>=8.34.0 <9.0.0', hasData: true }
51 silly addNameRange versions [ 'eslint',
51 silly addNameRange   [ '0.0.4',
51 silly addNameRange     '0.0.5',
51 silly addNameRange     '0.0.6',
51 silly addNameRange     '0.0.7',
51 silly addNameRange     '0.1.0-dev',
51 silly addNameRange     '0.1.0',
51 silly addNameRange     '0.1.1',
51 silly addNameRange     '0.1.2',
51 silly addNameRange     '0.1.3',
51 silly addNameRange     '0.1.4',
51 silly addNameRange     '0.2.0',
51 silly addNameRange     '0.3.0',
51 silly addNameRange     '0.4.0',
51 silly addNameRange     '0.4.1',
51 silly addNameRange     '0.4.2',
51 silly addNameRange     '0.4.3',
51 silly addNameRange     '0.4.4',
51 silly addNameRange     '0.4.5',
51 silly addNameRange     '0.5.0',
51 silly addNameRange     '0.5.1',
51 silly addNameRange     '0.6.0',
51 silly addNameRange     '0.6.1',
51 silly addNameRange     '0.6.2',
51 silly addNameRange     '0.7.1',
51 silly addNameRange     '0.7.2',
51 silly addNameRange     '0.7.3',
51 silly addNameRange     '0.7.4',
51 silly addNameRange     '0.8.0',
51 silly addNameRange     '0.8.1',
51 silly addNameRange     '0.8.2',
51 silly addNameRange     '0.9.0',
51 silly addNameRange     '0.9.1',
51 silly addNameRange     '0.9.2',
51 silly addNameRange     '0.10.0-alpha',
51 silly addNameRange     '0.10.0-alpha.1',
51 silly addNameRange     '0.10.0-alpha.2',
51 silly addNameRange     '0.10.0',
51 silly addNameRange     '0.11.0-alpha.0',
51 silly addNameRange     '0.10.1',
51 silly addNameRange     '0.10.2',
51 silly addNameRange     '0.11.0',
51 silly addNameRange     '0.12.0',
51 silly addNameRange     '0.13.0',
51 silly addNameRange     '0.14.0',
51 silly addNameRange     '0.14.1',
51 silly addNameRange     '0.15.0',
51 silly addNameRange     '0.15.1',
51 silly addNameRange     '0.16.0',
51 silly addNameRange     '0.16.1',
51 silly addNameRange     '0.16.2',
51 silly addNameRange     '0.17.0',
51 silly addNameRange     '0.17.1',
51 silly addNameRange     '0.18.0',
51 silly addNameRange     '0.19.0',
51 silly addNameRange     '0.20.0',
51 silly addNameRange     '0.21.0',
51 silly addNameRange     '0.21.1',
51 silly addNameRange     '0.21.2',
51 silly addNameRange     '0.22.0',
51 silly addNameRange     '0.22.1',
51 silly addNameRange     '0.23.0',
51 silly addNameRange     '0.24.0',
51 silly addNameRange     '0.24.1',
51 silly addNameRange     '1.0.0-rc-1',
51 silly addNameRange     '1.0.0-rc-2',
51 silly addNameRange     '1.0.0-rc-3',
51 silly addNameRange     '1.0.0',
51 silly addNameRange     '1.1.0',
51 silly addNameRange     '1.2.0',
51 silly addNameRange     '1.2.1',
51 silly addNameRange     '1.3.0',
51 silly addNameRange     '1.3.1',
51 silly addNameRange     '1.4.0',
51 silly addNameRange     '1.4.1',
51 silly addNameRange     '1.4.2',
51 silly addNameRange     '1.4.3',
51 silly addNameRange     '1.5.0',
51 silly addNameRange     '1.5.1',
51 silly addNameRange     '1.6.0',
51 silly addNameRange     '1.7.0',
51 silly addNameRange     '1.7.1',
51 silly addNameRange     '1.7.2',
51 silly addNameRange     '1.7.3',
51 silly addNameRange     '1.8.0',
51 silly addNameRange     '1.9.0',
51 silly addNameRange     '1.10.0',
51 silly addNameRange     '1.10.1',
51 silly addNameRange     '1.10.2',
51 silly addNameRange     '1.10.3',
51 silly addNameRange     '2.0.0-alpha-1',
51 silly addNameRange     '2.0.0-alpha-2',
51 silly addNameRange     '2.0.0-beta.1',
51 silly addNameRange     '2.0.0-beta.2',
51 silly addNameRange     '2.0.0-beta.3',
51 silly addNameRange     '2.0.0-rc.0',
51 silly addNameRange     '2.0.0-rc.1',
51 silly addNameRange     '2.0.0',
51 silly addNameRange     '2.1.0',
51 silly addNameRange     '2.2.0',
51 silly addNameRange     '2.3.0',
51 silly addNameRange     ... 232 more items ] ]
52 silly addNamed eslint@8.43.0
53 verbose addNamed "8.43.0" is a plain semver version for eslint
54 silly mapToRegistry name eslint
55 silly mapToRegistry using default registry
56 silly mapToRegistry registry https://registry.npmjs.org/
57 silly mapToRegistry uri https://registry.npmjs.org/eslint
58 verbose addRemoteTarball https://registry.npmjs.org/eslint/-/eslint-8.43.0.tgz not in flight; adding
59 verbose addRemoteTarball [ 'https://registry.npmjs.org/eslint/-/eslint-8.43.0.tgz',
59 verbose addRemoteTarball   '3e8c6066a57097adfd9d390b8fc93075f257a094' ]
60 info retry fetch attempt 1 at 3:56:23 PM
61 info attempt registry request try #1 at 3:56:23 PM
62 http fetch GET https://registry.npmjs.org/eslint/-/eslint-8.43.0.tgz
63 http fetch 200 https://registry.npmjs.org/eslint/-/eslint-8.43.0.tgz
64 silly fetchAndShaCheck shasum 3e8c6066a57097adfd9d390b8fc93075f257a094
65 verbose addTmpTarball /tmp/npm-6728-dd6d5b37/registry.npmjs.org/eslint/-/eslint-8.43.0.tgz not in flight; adding
66 verbose addTmpTarball already have metadata; skipping unpack for eslint@8.43.0
67 silly cache afterAdd eslint@8.43.0
68 verbose afterAdd /home/happy/.npm/eslint/8.43.0/package/package.json not in flight; writing
69 verbose afterAdd /home/happy/.npm/eslint/8.43.0/package/package.json written
70 silly fetchNamedPackageData @eslint-community/eslint-utils
71 silly mapToRegistry name @eslint-community/eslint-utils
72 silly mapToRegistry scope (from package name) @eslint-community
73 verbose mapToRegistry no registry URL found in name for scope @eslint-community
74 silly mapToRegistry using default registry
75 silly mapToRegistry registry https://registry.npmjs.org/
76 silly mapToRegistry uri https://registry.npmjs.org/@eslint-community%2feslint-utils
77 silly fetchNamedPackageData @eslint-community/regexpp
78 silly mapToRegistry name @eslint-community/regexpp
79 silly mapToRegistry scope (from package name) @eslint-community
80 verbose mapToRegistry no registry URL found in name for scope @eslint-community
81 silly mapToRegistry using default registry
82 silly mapToRegistry registry https://registry.npmjs.org/
83 silly mapToRegistry uri https://registry.npmjs.org/@eslint-community%2fregexpp
84 silly fetchNamedPackageData @eslint/eslintrc
85 silly mapToRegistry name @eslint/eslintrc
86 silly mapToRegistry scope (from package name) @eslint
87 verbose mapToRegistry no registry URL found in name for scope @eslint
88 silly mapToRegistry using default registry
89 silly mapToRegistry registry https://registry.npmjs.org/
90 silly mapToRegistry uri https://registry.npmjs.org/@eslint%2feslintrc
91 silly fetchNamedPackageData @eslint/js
92 silly mapToRegistry name @eslint/js
93 silly mapToRegistry scope (from package name) @eslint
94 verbose mapToRegistry no registry URL found in name for scope @eslint
95 silly mapToRegistry using default registry
96 silly mapToRegistry registry https://registry.npmjs.org/
97 silly mapToRegistry uri https://registry.npmjs.org/@eslint%2fjs
98 silly fetchNamedPackageData @humanwhocodes/config-array
99 silly mapToRegistry name @humanwhocodes/config-array
100 silly mapToRegistry scope (from package name) @humanwhocodes
101 verbose mapToRegistry no registry URL found in name for scope @humanwhocodes
102 silly mapToRegistry using default registry
103 silly mapToRegistry registry https://registry.npmjs.org/
104 silly mapToRegistry uri https://registry.npmjs.org/@humanwhocodes%2fconfig-array
105 silly fetchNamedPackageData @humanwhocodes/module-importer
106 silly mapToRegistry name @humanwhocodes/module-importer
107 silly mapToRegistry scope (from package name) @humanwhocodes
108 verbose mapToRegistry no registry URL found in name for scope @humanwhocodes
109 silly mapToRegistry using default registry
110 silly mapToRegistry registry https://registry.npmjs.org/
111 silly mapToRegistry uri https://registry.npmjs.org/@humanwhocodes%2fmodule-importer
112 silly fetchNamedPackageData @nodelib/fs.walk
113 silly mapToRegistry name @nodelib/fs.walk
114 silly mapToRegistry scope (from package name) @nodelib
115 verbose mapToRegistry no registry URL found in name for scope @nodelib
116 silly mapToRegistry using default registry
117 silly mapToRegistry registry https://registry.npmjs.org/
118 silly mapToRegistry uri https://registry.npmjs.org/@nodelib%2ffs.walk
119 silly fetchNamedPackageData ajv
120 silly mapToRegistry name ajv
121 silly mapToRegistry using default registry
122 silly mapToRegistry registry https://registry.npmjs.org/
123 silly mapToRegistry uri https://registry.npmjs.org/ajv
124 silly fetchNamedPackageData chalk
125 silly mapToRegistry name chalk
126 silly mapToRegistry using default registry
127 silly mapToRegistry registry https://registry.npmjs.org/
128 silly mapToRegistry uri https://registry.npmjs.org/chalk
129 silly fetchNamedPackageData cross-spawn
130 silly mapToRegistry name cross-spawn
131 silly mapToRegistry using default registry
132 silly mapToRegistry registry https://registry.npmjs.org/
133 silly mapToRegistry uri https://registry.npmjs.org/cross-spawn
134 silly fetchNamedPackageData debug
135 silly mapToRegistry name debug
136 silly mapToRegistry using default registry
137 silly mapToRegistry registry https://registry.npmjs.org/
138 silly mapToRegistry uri https://registry.npmjs.org/debug
139 silly fetchNamedPackageData doctrine
140 silly mapToRegistry name doctrine
141 silly mapToRegistry using default registry
142 silly mapToRegistry registry https://registry.npmjs.org/
143 silly mapToRegistry uri https://registry.npmjs.org/doctrine
144 silly fetchNamedPackageData escape-string-regexp
145 silly mapToRegistry name escape-string-regexp
146 silly mapToRegistry using default registry
147 silly mapToRegistry registry https://registry.npmjs.org/
148 silly mapToRegistry uri https://registry.npmjs.org/escape-string-regexp
149 silly fetchNamedPackageData eslint-scope
150 silly mapToRegistry name eslint-scope
151 silly mapToRegistry using default registry
152 silly mapToRegistry registry https://registry.npmjs.org/
153 silly mapToRegistry uri https://registry.npmjs.org/eslint-scope
154 silly fetchNamedPackageData eslint-visitor-keys
155 silly mapToRegistry name eslint-visitor-keys
156 silly mapToRegistry using default registry
157 silly mapToRegistry registry https://registry.npmjs.org/
158 silly mapToRegistry uri https://registry.npmjs.org/eslint-visitor-keys
159 silly fetchNamedPackageData espree
160 silly mapToRegistry name espree
161 silly mapToRegistry using default registry
162 silly mapToRegistry registry https://registry.npmjs.org/
163 silly mapToRegistry uri https://registry.npmjs.org/espree
164 silly fetchNamedPackageData esquery
165 silly mapToRegistry name esquery
166 silly mapToRegistry using default registry
167 silly mapToRegistry registry https://registry.npmjs.org/
168 silly mapToRegistry uri https://registry.npmjs.org/esquery
169 silly fetchNamedPackageData esutils
170 silly mapToRegistry name esutils
171 silly mapToRegistry using default registry
172 silly mapToRegistry registry https://registry.npmjs.org/
173 silly mapToRegistry uri https://registry.npmjs.org/esutils
174 silly fetchNamedPackageData fast-deep-equal
175 silly mapToRegistry name fast-deep-equal
176 silly mapToRegistry using default registry
177 silly mapToRegistry registry https://registry.npmjs.org/
178 silly mapToRegistry uri https://registry.npmjs.org/fast-deep-equal
179 silly fetchNamedPackageData file-entry-cache
180 silly mapToRegistry name file-entry-cache
181 silly mapToRegistry using default registry
182 silly mapToRegistry registry https://registry.npmjs.org/
183 silly mapToRegistry uri https://registry.npmjs.org/file-entry-cache
184 silly fetchNamedPackageData find-up
185 silly mapToRegistry name find-up
186 silly mapToRegistry using default registry
187 silly mapToRegistry registry https://registry.npmjs.org/
188 silly mapToRegistry uri https://registry.npmjs.org/find-up
189 silly fetchNamedPackageData glob-parent
190 silly mapToRegistry name glob-parent
191 silly mapToRegistry using default registry
192 silly mapToRegistry registry https://registry.npmjs.org/
193 silly mapToRegistry uri https://registry.npmjs.org/glob-parent
194 silly fetchNamedPackageData globals
195 silly mapToRegistry name globals
196 silly mapToRegistry using default registry
197 silly mapToRegistry registry https://registry.npmjs.org/
198 silly mapToRegistry uri https://registry.npmjs.org/globals
199 silly fetchNamedPackageData graphemer
200 silly mapToRegistry name graphemer
201 silly mapToRegistry using default registry
202 silly mapToRegistry registry https://registry.npmjs.org/
203 silly mapToRegistry uri https://registry.npmjs.org/graphemer
204 silly fetchNamedPackageData ignore
205 silly mapToRegistry name ignore
206 silly mapToRegistry using default registry
207 silly mapToRegistry registry https://registry.npmjs.org/
208 silly mapToRegistry uri https://registry.npmjs.org/ignore
209 silly fetchNamedPackageData import-fresh
210 silly mapToRegistry name import-fresh
211 silly mapToRegistry using default registry
212 silly mapToRegistry registry https://registry.npmjs.org/
213 silly mapToRegistry uri https://registry.npmjs.org/import-fresh
214 silly fetchNamedPackageData imurmurhash
215 silly mapToRegistry name imurmurhash
216 silly mapToRegistry using default registry
217 silly mapToRegistry registry https://registry.npmjs.org/
218 silly mapToRegistry uri https://registry.npmjs.org/imurmurhash
219 silly fetchNamedPackageData is-glob
220 silly mapToRegistry name is-glob
221 silly mapToRegistry using default registry
222 silly mapToRegistry registry https://registry.npmjs.org/
223 silly mapToRegistry uri https://registry.npmjs.org/is-glob
224 silly fetchNamedPackageData is-path-inside
225 silly mapToRegistry name is-path-inside
226 silly mapToRegistry using default registry
227 silly mapToRegistry registry https://registry.npmjs.org/
228 silly mapToRegistry uri https://registry.npmjs.org/is-path-inside
229 silly fetchNamedPackageData js-yaml
230 silly mapToRegistry name js-yaml
231 silly mapToRegistry using default registry
232 silly mapToRegistry registry https://registry.npmjs.org/
233 silly mapToRegistry uri https://registry.npmjs.org/js-yaml
234 silly fetchNamedPackageData json-stable-stringify-without-jsonify
235 silly mapToRegistry name json-stable-stringify-without-jsonify
236 silly mapToRegistry using default registry
237 silly mapToRegistry registry https://registry.npmjs.org/
238 silly mapToRegistry uri https://registry.npmjs.org/json-stable-stringify-without-jsonify
239 silly fetchNamedPackageData levn
240 silly mapToRegistry name levn
241 silly mapToRegistry using default registry
242 silly mapToRegistry registry https://registry.npmjs.org/
243 silly mapToRegistry uri https://registry.npmjs.org/levn
244 silly fetchNamedPackageData lodash.merge
245 silly mapToRegistry name lodash.merge
246 silly mapToRegistry using default registry
247 silly mapToRegistry registry https://registry.npmjs.org/
248 silly mapToRegistry uri https://registry.npmjs.org/lodash.merge
249 silly fetchNamedPackageData minimatch
250 silly mapToRegistry name minimatch
251 silly mapToRegistry using default registry
252 silly mapToRegistry registry https://registry.npmjs.org/
253 silly mapToRegistry uri https://registry.npmjs.org/minimatch
254 silly fetchNamedPackageData natural-compare
255 silly mapToRegistry name natural-compare
256 silly mapToRegistry using default registry
257 silly mapToRegistry registry https://registry.npmjs.org/
258 silly mapToRegistry uri https://registry.npmjs.org/natural-compare
259 silly fetchNamedPackageData optionator
260 silly mapToRegistry name optionator
261 silly mapToRegistry using default registry
262 silly mapToRegistry registry https://registry.npmjs.org/
263 silly mapToRegistry uri https://registry.npmjs.org/optionator
264 silly fetchNamedPackageData strip-ansi
265 silly mapToRegistry name strip-ansi
266 silly mapToRegistry using default registry
267 silly mapToRegistry registry https://registry.npmjs.org/
268 silly mapToRegistry uri https://registry.npmjs.org/strip-ansi
269 silly fetchNamedPackageData strip-json-comments
270 silly mapToRegistry name strip-json-comments
271 silly mapToRegistry using default registry
272 silly mapToRegistry registry https://registry.npmjs.org/
273 silly mapToRegistry uri https://registry.npmjs.org/strip-json-comments
274 silly fetchNamedPackageData text-table
275 silly mapToRegistry name text-table
276 silly mapToRegistry using default registry
277 silly mapToRegistry registry https://registry.npmjs.org/
278 silly mapToRegistry uri https://registry.npmjs.org/text-table
279 verbose request uri https://registry.npmjs.org/@eslint-community%2feslint-utils
280 verbose request no auth needed
281 info attempt registry request try #1 at 3:56:23 PM
282 verbose etag W/"868a4f92ffea6af62cf82d9049cbc561"
283 verbose lastModified Fri, 24 Mar 2023 03:44:49 GMT
284 http request GET https://registry.npmjs.org/@eslint-community%2feslint-utils
285 verbose request uri https://registry.npmjs.org/@eslint%2feslintrc
286 verbose request no auth needed
287 info attempt registry request try #1 at 3:56:23 PM
288 verbose etag W/"4be80b07c099e933299399b58e9d9e4e"
289 verbose lastModified Fri, 05 May 2023 19:34:30 GMT
290 http request GET https://registry.npmjs.org/@eslint%2feslintrc
291 verbose request uri https://registry.npmjs.org/@eslint%2fjs
292 verbose request no auth needed
293 info attempt registry request try #1 at 3:56:23 PM
294 verbose etag W/"f31c3e387fc0abed29c5b09064218d47"
295 verbose lastModified Fri, 19 May 2023 20:12:37 GMT
296 http request GET https://registry.npmjs.org/@eslint%2fjs
297 verbose request uri https://registry.npmjs.org/@eslint-community%2fregexpp
298 verbose request no auth needed
299 info attempt registry request try #1 at 3:56:23 PM
300 verbose etag W/"87c276681cb89f214b0871436b55dd98"
301 verbose lastModified Sun, 30 Apr 2023 01:35:40 GMT
302 http request GET https://registry.npmjs.org/@eslint-community%2fregexpp
303 verbose request uri https://registry.npmjs.org/@humanwhocodes%2fmodule-importer
304 verbose request no auth needed
305 info attempt registry request try #1 at 3:56:23 PM
306 verbose etag W/"573853d05d3e4431140a208ee9f085cd"
307 verbose lastModified Thu, 18 Aug 2022 17:55:53 GMT
308 http request GET https://registry.npmjs.org/@humanwhocodes%2fmodule-importer
309 verbose request uri https://registry.npmjs.org/@humanwhocodes%2fconfig-array
310 verbose request no auth needed
311 info attempt registry request try #1 at 3:56:23 PM
312 verbose etag W/"3b88cade493ea2f0cb49519d8f68bd6e"
313 verbose lastModified Wed, 14 Dec 2022 19:38:10 GMT
314 http request GET https://registry.npmjs.org/@humanwhocodes%2fconfig-array
315 verbose request uri https://registry.npmjs.org/@nodelib%2ffs.walk
316 verbose request no auth needed
317 info attempt registry request try #1 at 3:56:23 PM
318 verbose etag W/"536a40f77ff83f060962d9ba6dec2079"
319 verbose lastModified Sat, 04 Mar 2023 05:09:24 GMT
320 http request GET https://registry.npmjs.org/@nodelib%2ffs.walk
321 verbose request uri https://registry.npmjs.org/chalk
322 verbose request no auth needed
323 info attempt registry request try #1 at 3:56:23 PM
324 verbose etag W/"df5532a52ade5423dad03045fe6963a7"
325 verbose lastModified Wed, 10 May 2023 18:28:11 GMT
326 http request GET https://registry.npmjs.org/chalk
327 verbose request uri https://registry.npmjs.org/cross-spawn
328 verbose request no auth needed
329 info attempt registry request try #1 at 3:56:23 PM
330 verbose etag W/"6d8a1e12ecf935857e3cee4b2605773b"
331 verbose lastModified Tue, 14 Jun 2022 03:41:17 GMT
332 http request GET https://registry.npmjs.org/cross-spawn
333 verbose request uri https://registry.npmjs.org/debug
334 verbose request no auth needed
335 info attempt registry request try #1 at 3:56:23 PM
336 verbose etag W/"bdbe672cd9b06c16447d13685790b1bc"
337 verbose lastModified Sat, 20 May 2023 13:41:57 GMT
338 http request GET https://registry.npmjs.org/debug
339 verbose request uri https://registry.npmjs.org/escape-string-regexp
340 verbose request no auth needed
341 info attempt registry request try #1 at 3:56:23 PM
342 verbose etag W/"5e213424defa04b896ba760418dda8e3"
343 verbose lastModified Tue, 25 Apr 2023 16:42:42 GMT
344 http request GET https://registry.npmjs.org/escape-string-regexp
345 verbose request uri https://registry.npmjs.org/eslint-scope
346 verbose request no auth needed
347 info attempt registry request try #1 at 3:56:23 PM
348 verbose etag W/"5a063d925e3bdeec7f3925e7ff62cc52"
349 verbose lastModified Thu, 13 Apr 2023 18:23:43 GMT
350 http request GET https://registry.npmjs.org/eslint-scope
351 verbose request uri https://registry.npmjs.org/eslint-visitor-keys
352 verbose request no auth needed
353 info attempt registry request try #1 at 3:56:23 PM
354 verbose etag W/"b7c5cf65a93911f7d317f398a055b90f"
355 verbose lastModified Fri, 05 May 2023 18:36:03 GMT
356 http request GET https://registry.npmjs.org/eslint-visitor-keys
357 verbose request uri https://registry.npmjs.org/doctrine
358 verbose request no auth needed
359 info attempt registry request try #1 at 3:56:23 PM
360 verbose etag W/"fb6897240e948c0e8bd6e8fe01d2b2f3"
361 verbose lastModified Wed, 15 Jun 2022 20:25:25 GMT
362 http request GET https://registry.npmjs.org/doctrine
363 verbose request uri https://registry.npmjs.org/esquery
364 verbose request no auth needed
365 info attempt registry request try #1 at 3:56:23 PM
366 verbose etag W/"cb03b3497c6d841fbe7baa18b1c830da"
367 verbose lastModified Thu, 02 Mar 2023 01:54:12 GMT
368 http request GET https://registry.npmjs.org/esquery
369 verbose request uri https://registry.npmjs.org/esutils
370 verbose request no auth needed
371 info attempt registry request try #1 at 3:56:23 PM
372 verbose etag W/"d4478fa372339fa01444f573984e4188"
373 verbose lastModified Wed, 10 May 2023 18:27:51 GMT
374 http request GET https://registry.npmjs.org/esutils
375 verbose request uri https://registry.npmjs.org/espree
376 verbose request no auth needed
377 info attempt registry request try #1 at 3:56:24 PM
378 verbose etag W/"029c410466aa82b2d279dd2a10a800a0"
379 verbose lastModified Wed, 10 May 2023 18:28:09 GMT
380 http request GET https://registry.npmjs.org/espree
381 verbose request uri https://registry.npmjs.org/fast-deep-equal
382 verbose request no auth needed
383 info attempt registry request try #1 at 3:56:24 PM
384 verbose etag W/"27ceab0e5345c4b40989503647d63526"
385 verbose lastModified Fri, 17 Jun 2022 23:35:21 GMT
386 http request GET https://registry.npmjs.org/fast-deep-equal
387 verbose request uri https://registry.npmjs.org/ajv
388 verbose request no auth needed
389 info attempt registry request try #1 at 3:56:24 PM
390 verbose etag W/"ed29026adacbabd0322cdc6c79f375c6"
391 verbose lastModified Wed, 10 May 2023 18:28:00 GMT
392 http request GET https://registry.npmjs.org/ajv
393 verbose request uri https://registry.npmjs.org/file-entry-cache
394 verbose request no auth needed
395 info attempt registry request try #1 at 3:56:24 PM
396 verbose etag W/"c4f178b823fc0702adaa95f7b851f36d"
397 verbose lastModified Sat, 18 Jun 2022 00:35:29 GMT
398 http request GET https://registry.npmjs.org/file-entry-cache
399 verbose request uri https://registry.npmjs.org/find-up
400 verbose request no auth needed
401 info attempt registry request try #1 at 3:56:24 PM
402 verbose etag W/"0045f9740468dd03423e6196566d6db6"
403 verbose lastModified Sat, 18 Jun 2022 00:56:27 GMT
404 http request GET https://registry.npmjs.org/find-up
405 verbose request uri https://registry.npmjs.org/glob-parent
406 verbose request no auth needed
407 info attempt registry request try #1 at 3:56:24 PM
408 verbose etag W/"af32bbddd722255065f186eba7eade5b"
409 verbose lastModified Sat, 18 Jun 2022 12:54:25 GMT
410 http request GET https://registry.npmjs.org/glob-parent
411 verbose request uri https://registry.npmjs.org/graphemer
412 verbose request no auth needed
413 info attempt registry request try #1 at 3:56:24 PM
414 verbose etag W/"d01623a5d07422ed0082b9c23e7ab2eb"
415 verbose lastModified Mon, 19 Sep 2022 10:19:35 GMT
416 http request GET https://registry.npmjs.org/graphemer
417 verbose request uri https://registry.npmjs.org/globals
418 verbose request no auth needed
419 info attempt registry request try #1 at 3:56:24 PM
420 verbose etag W/"629d31ab47a527100ccaddfbae03b694"
421 verbose lastModified Sat, 28 Jan 2023 10:22:06 GMT
422 http request GET https://registry.npmjs.org/globals
423 verbose request uri https://registry.npmjs.org/ignore
424 verbose request no auth needed
425 info attempt registry request try #1 at 3:56:24 PM
426 verbose etag W/"c6139c469e6d0a595b3fcd8fdbf311ea"
427 verbose lastModified Mon, 19 Dec 2022 16:01:45 GMT
428 http request GET https://registry.npmjs.org/ignore
429 verbose request uri https://registry.npmjs.org/imurmurhash
430 verbose request no auth needed
431 info attempt registry request try #1 at 3:56:24 PM
432 verbose etag W/"d073868dea274007f24bf6cc80bdabfa"
433 verbose lastModified Sun, 19 Jun 2022 00:57:19 GMT
434 http request GET https://registry.npmjs.org/imurmurhash
435 verbose request uri https://registry.npmjs.org/import-fresh
436 verbose request no auth needed
437 info attempt registry request try #1 at 3:56:24 PM
438 verbose etag W/"b0a95508ad87e0c6842c34851ee6bd65"
439 verbose lastModified Sun, 19 Jun 2022 00:53:43 GMT
440 http request GET https://registry.npmjs.org/import-fresh
441 verbose request uri https://registry.npmjs.org/is-path-inside
442 verbose request no auth needed
443 info attempt registry request try #1 at 3:56:24 PM
444 verbose etag W/"b0b29d521ef519bfbcf5c17414bffceb"
445 verbose lastModified Sun, 19 Jun 2022 02:47:49 GMT
446 http request GET https://registry.npmjs.org/is-path-inside
447 verbose request uri https://registry.npmjs.org/is-glob
448 verbose request no auth needed
449 info attempt registry request try #1 at 3:56:24 PM
450 verbose etag W/"562c833dd5de9ca6d5483f99da1c3fd3"
451 verbose lastModified Sun, 19 Jun 2022 02:42:17 GMT
452 http request GET https://registry.npmjs.org/is-glob
453 verbose request uri https://registry.npmjs.org/json-stable-stringify-without-jsonify
454 verbose request no auth needed
455 info attempt registry request try #1 at 3:56:24 PM
456 verbose etag W/"3327745153662605fd76b242ef52888b"
457 verbose lastModified Sun, 19 Jun 2022 06:26:46 GMT
458 http request GET https://registry.npmjs.org/json-stable-stringify-without-jsonify
459 verbose request uri https://registry.npmjs.org/js-yaml
460 verbose request no auth needed
461 info attempt registry request try #1 at 3:56:24 PM
462 verbose etag W/"8748b3ef6c0da130d6d4339dcfc1ddb5"
463 verbose lastModified Sun, 19 Jun 2022 05:47:22 GMT
464 http request GET https://registry.npmjs.org/js-yaml
465 verbose request uri https://registry.npmjs.org/levn
466 verbose request no auth needed
467 info attempt registry request try #1 at 3:56:24 PM
468 verbose etag W/"aa70863c17bedaf7d53d3f9b7692c8b1"
469 verbose lastModified Sun, 19 Jun 2022 11:54:52 GMT
470 http request GET https://registry.npmjs.org/levn
471 verbose request uri https://registry.npmjs.org/lodash.merge
472 verbose request no auth needed
473 info attempt registry request try #1 at 3:56:24 PM
474 verbose etag W/"c495d94b485a90af1ad26b4bfb7824be"
475 verbose lastModified Sun, 19 Jun 2022 13:36:45 GMT
476 http request GET https://registry.npmjs.org/lodash.merge
477 verbose request uri https://registry.npmjs.org/minimatch
478 verbose request no auth needed
479 info attempt registry request try #1 at 3:56:24 PM
480 verbose etag W/"f07540111c9b23ba486a391f7191d43e"
481 verbose lastModified Sun, 28 May 2023 20:11:10 GMT
482 http request GET https://registry.npmjs.org/minimatch
483 verbose request uri https://registry.npmjs.org/natural-compare
484 verbose request no auth needed
485 info attempt registry request try #1 at 3:56:24 PM
486 verbose etag W/"c99e2e81a20f6845ea2169b6ba40c96b"
487 verbose lastModified Mon, 20 Jun 2022 21:54:52 GMT
488 http request GET https://registry.npmjs.org/natural-compare
489 verbose request uri https://registry.npmjs.org/optionator
490 verbose request no auth needed
491 info attempt registry request try #1 at 3:56:24 PM
492 verbose etag W/"12474b1913e835c760941ab28aff79f0"
493 verbose lastModified Thu, 23 Jun 2022 01:21:17 GMT
494 http request GET https://registry.npmjs.org/optionator
495 verbose request uri https://registry.npmjs.org/strip-ansi
496 verbose request no auth needed
497 info attempt registry request try #1 at 3:56:24 PM
498 verbose etag W/"18fd6cbf55d38f8ed7a148b41751a7cc"
499 verbose lastModified Wed, 12 Apr 2023 02:45:37 GMT
500 http request GET https://registry.npmjs.org/strip-ansi
501 verbose request uri https://registry.npmjs.org/strip-json-comments
502 verbose request no auth needed
503 info attempt registry request try #1 at 3:56:24 PM
504 verbose etag W/"b9a8b3a4235a806fe60a5100b1e59e00"
505 verbose lastModified Tue, 25 Apr 2023 16:42:53 GMT
506 http request GET https://registry.npmjs.org/strip-json-comments
507 verbose request uri https://registry.npmjs.org/text-table
508 verbose request no auth needed
509 info attempt registry request try #1 at 3:56:24 PM
510 verbose etag W/"2cfced14ec5dbdd8aa952ac107c977d3"
511 verbose lastModified Wed, 08 Mar 2023 01:53:51 GMT
512 http request GET https://registry.npmjs.org/text-table
513 http 304 https://registry.npmjs.org/debug
514 verbose headers { date: 'Mon, 19 Jun 2023 22:56:24 GMT',
514 verbose headers   connection: 'keep-alive',
514 verbose headers   'cf-ray': '7d9f5d78e821c3f2-LED',
514 verbose headers   'cf-cache-status': 'HIT',
514 verbose headers   age: '286',
514 verbose headers   'cache-control': 'public, max-age=300',
514 verbose headers   etag: '"bdbe672cd9b06c16447d13685790b1bc"',
514 verbose headers   'last-modified': 'Sat, 20 May 2023 13:41:57 GMT',
514 verbose headers   vary: 'Accept-Encoding',
514 verbose headers   'x-amz-replication-status': 'PENDING',
514 verbose headers   'x-amz-server-side-encryption': 'AES256',
514 verbose headers   server: 'cloudflare' }
515 silly get cb [ 304,
515 silly get   { date: 'Mon, 19 Jun 2023 22:56:24 GMT',
515 silly get     connection: 'keep-alive',
515 silly get     'cf-ray': '7d9f5d78e821c3f2-LED',
515 silly get     'cf-cache-status': 'HIT',
515 silly get     age: '286',
515 silly get     'cache-control': 'public, max-age=300',
515 silly get     etag: '"bdbe672cd9b06c16447d13685790b1bc"',
515 silly get     'last-modified': 'Sat, 20 May 2023 13:41:57 GMT',
515 silly get     vary: 'Accept-Encoding',
515 silly get     'x-amz-replication-status': 'PENDING',
515 silly get     'x-amz-server-side-encryption': 'AES256',
515 silly get     server: 'cloudflare' } ]
516 verbose etag https://registry.npmjs.org/debug from cache
517 verbose get saving debug to /home/happy/.npm/registry.npmjs.org/debug/.cache.json
518 http 304 https://registry.npmjs.org/eslint-scope
519 verbose headers { date: 'Mon, 19 Jun 2023 22:56:24 GMT',
519 verbose headers   connection: 'keep-alive',
519 verbose headers   'cf-ray': '7d9f5d78ff17c401-LED',
519 verbose headers   'cf-cache-status': 'HIT',
519 verbose headers   age: '266',
519 verbose headers   'cache-control': 'public, max-age=300',
519 verbose headers   etag: '"5a063d925e3bdeec7f3925e7ff62cc52"',
519 verbose headers   'last-modified': 'Thu, 13 Apr 2023 18:23:43 GMT',
519 verbose headers   vary: 'Accept-Encoding',
519 verbose headers   'x-amz-replication-status': 'COMPLETED',
519 verbose headers   'x-amz-server-side-encryption': 'AES256',
519 verbose headers   server: 'cloudflare' }
520 silly get cb [ 304,
520 silly get   { date: 'Mon, 19 Jun 2023 22:56:24 GMT',
520 silly get     connection: 'keep-alive',
520 silly get     'cf-ray': '7d9f5d78ff17c401-LED',
520 silly get     'cf-cache-status': 'HIT',
520 silly get     age: '266',
520 silly get     'cache-control': 'public, max-age=300',
520 silly get     etag: '"5a063d925e3bdeec7f3925e7ff62cc52"',
520 silly get     'last-modified': 'Thu, 13 Apr 2023 18:23:43 GMT',
520 silly get     vary: 'Accept-Encoding',
520 silly get     'x-amz-replication-status': 'COMPLETED',
520 silly get     'x-amz-server-side-encryption': 'AES256',
520 silly get     server: 'cloudflare' } ]
521 verbose etag https://registry.npmjs.org/eslint-scope from cache
522 verbose get saving eslint-scope to /home/happy/.npm/registry.npmjs.org/eslint-scope/.cache.json
523 http 304 https://registry.npmjs.org/espree
524 verbose headers { date: 'Mon, 19 Jun 2023 22:56:24 GMT',
524 verbose headers   connection: 'keep-alive',
524 verbose headers   'cf-ray': '7d9f5d78fc37c438-LED',
524 verbose headers   'cf-cache-status': 'HIT',
524 verbose headers   age: '267',
524 verbose headers   'cache-control': 'public, max-age=300',
524 verbose headers   etag: '"029c410466aa82b2d279dd2a10a800a0"',
524 verbose headers   'last-modified': 'Wed, 10 May 2023 18:28:09 GMT',
524 verbose headers   vary: 'Accept-Encoding',
524 verbose headers   'x-amz-replication-status': 'PENDING',
524 verbose headers   'x-amz-server-side-encryption': 'AES256',
524 verbose headers   server: 'cloudflare' }
525 silly get cb [ 304,
525 silly get   { date: 'Mon, 19 Jun 2023 22:56:24 GMT',
525 silly get     connection: 'keep-alive',
525 silly get     'cf-ray': '7d9f5d78fc37c438-LED',
525 silly get     'cf-cache-status': 'HIT',
525 silly get     age: '267',
525 silly get     'cache-control': 'public, max-age=300',
525 silly get     etag: '"029c410466aa82b2d279dd2a10a800a0"',
525 silly get     'last-modified': 'Wed, 10 May 2023 18:28:09 GMT',
525 silly get     vary: 'Accept-Encoding',
525 silly get     'x-amz-replication-status': 'PENDING',
525 silly get     'x-amz-server-side-encryption': 'AES256',
525 silly get     server: 'cloudflare' } ]
526 verbose etag https://registry.npmjs.org/espree from cache
527 verbose get saving espree to /home/happy/.npm/registry.npmjs.org/espree/.cache.json
528 http 304 https://registry.npmjs.org/is-glob
529 verbose headers { date: 'Mon, 19 Jun 2023 22:56:24 GMT',
529 verbose headers   connection: 'keep-alive',
529 verbose headers   'cf-ray': '7d9f5d78fd3184d4-LED',
529 verbose headers   'cf-cache-status': 'HIT',
529 verbose headers   age: '285',
529 verbose headers   'cache-control': 'public, max-age=300',
529 verbose headers   etag: '"562c833dd5de9ca6d5483f99da1c3fd3"',
529 verbose headers   'last-modified': 'Sun, 19 Jun 2022 02:42:17 GMT',
529 verbose headers   vary: 'Accept-Encoding',
529 verbose headers   'x-amz-replication-status': 'COMPLETED',
529 verbose headers   server: 'cloudflare' }
530 silly get cb [ 304,
530 silly get   { date: 'Mon, 19 Jun 2023 22:56:24 GMT',
530 silly get     connection: 'keep-alive',
530 silly get     'cf-ray': '7d9f5d78fd3184d4-LED',
530 silly get     'cf-cache-status': 'HIT',
530 silly get     age: '285',
530 silly get     'cache-control': 'public, max-age=300',
530 silly get     etag: '"562c833dd5de9ca6d5483f99da1c3fd3"',
530 silly get     'last-modified': 'Sun, 19 Jun 2022 02:42:17 GMT',
530 silly get     vary: 'Accept-Encoding',
530 silly get     'x-amz-replication-status': 'COMPLETED',
530 silly get     server: 'cloudflare' } ]
531 verbose etag https://registry.npmjs.org/is-glob from cache
532 verbose get saving is-glob to /home/happy/.npm/registry.npmjs.org/is-glob/.cache.json
533 http 304 https://registry.npmjs.org/natural-compare
534 verbose headers { date: 'Mon, 19 Jun 2023 22:56:24 GMT',
534 verbose headers   connection: 'keep-alive',
534 verbose headers   'cf-ray': '7d9f5d790d3684d4-LED',
534 verbose headers   'cf-cache-status': 'HIT',
534 verbose headers   age: '276',
534 verbose headers   'cache-control': 'public, max-age=300',
534 verbose headers   etag: '"c99e2e81a20f6845ea2169b6ba40c96b"',
534 verbose headers   'last-modified': 'Mon, 20 Jun 2022 21:54:52 GMT',
534 verbose headers   vary: 'Accept-Encoding',
534 verbose headers   'x-amz-replication-status': 'COMPLETED',
534 verbose headers   server: 'cloudflare' }
535 silly get cb [ 304,
535 silly get   { date: 'Mon, 19 Jun 2023 22:56:24 GMT',
535 silly get     connection: 'keep-alive',
535 silly get     'cf-ray': '7d9f5d790d3684d4-LED',
535 silly get     'cf-cache-status': 'HIT',
535 silly get     age: '276',
535 silly get     'cache-control': 'public, max-age=300',
535 silly get     etag: '"c99e2e81a20f6845ea2169b6ba40c96b"',
535 silly get     'last-modified': 'Mon, 20 Jun 2022 21:54:52 GMT',
535 silly get     vary: 'Accept-Encoding',
535 silly get     'x-amz-replication-status': 'COMPLETED',
535 silly get     server: 'cloudflare' } ]
536 verbose etag https://registry.npmjs.org/natural-compare from cache
537 verbose get saving natural-compare to /home/happy/.npm/registry.npmjs.org/natural-compare/.cache.json
538 http 304 https://registry.npmjs.org/fast-deep-equal
539 verbose headers { date: 'Mon, 19 Jun 2023 22:56:24 GMT',
539 verbose headers   connection: 'keep-alive',
539 verbose headers   'cf-ray': '7d9f5d78f942c3d9-LED',
539 verbose headers   'cf-cache-status': 'HIT',
539 verbose headers   age: '270',
539 verbose headers   'cache-control': 'public, max-age=300',
539 verbose headers   etag: '"27ceab0e5345c4b40989503647d63526"',
539 verbose headers   'last-modified': 'Fri, 17 Jun 2022 23:35:21 GMT',
539 verbose headers   vary: 'Accept-Encoding',
539 verbose headers   'x-amz-replication-status': 'COMPLETED',
539 verbose headers   server: 'cloudflare' }
540 silly get cb [ 304,
540 silly get   { date: 'Mon, 19 Jun 2023 22:56:24 GMT',
540 silly get     connection: 'keep-alive',
540 silly get     'cf-ray': '7d9f5d78f942c3d9-LED',
540 silly get     'cf-cache-status': 'HIT',
540 silly get     age: '270',
540 silly get     'cache-control': 'public, max-age=300',
540 silly get     etag: '"27ceab0e5345c4b40989503647d63526"',
540 silly get     'last-modified': 'Fri, 17 Jun 2022 23:35:21 GMT',
540 silly get     vary: 'Accept-Encoding',
540 silly get     'x-amz-replication-status': 'COMPLETED',
540 silly get     server: 'cloudflare' } ]
541 verbose etag https://registry.npmjs.org/fast-deep-equal from cache
542 verbose get saving fast-deep-equal to /home/happy/.npm/registry.npmjs.org/fast-deep-equal/.cache.json
543 http 304 https://registry.npmjs.org/json-stable-stringify-without-jsonify
544 verbose headers { date: 'Mon, 19 Jun 2023 22:56:24 GMT',
544 verbose headers   connection: 'keep-alive',
544 verbose headers   'cf-ray': '7d9f5d790c59c41f-LED',
544 verbose headers   'cf-cache-status': 'HIT',
544 verbose headers   age: '266',
544 verbose headers   'cache-control': 'public, max-age=300',
544 verbose headers   etag: '"3327745153662605fd76b242ef52888b"',
544 verbose headers   'last-modified': 'Sun, 19 Jun 2022 06:26:46 GMT',
544 verbose headers   vary: 'Accept-Encoding',
544 verbose headers   'x-amz-replication-status': 'COMPLETED',
544 verbose headers   server: 'cloudflare' }
545 silly get cb [ 304,
545 silly get   { date: 'Mon, 19 Jun 2023 22:56:24 GMT',
545 silly get     connection: 'keep-alive',
545 silly get     'cf-ray': '7d9f5d790c59c41f-LED',
545 silly get     'cf-cache-status': 'HIT',
545 silly get     age: '266',
545 silly get     'cache-control': 'public, max-age=300',
545 silly get     etag: '"3327745153662605fd76b242ef52888b"',
545 silly get     'last-modified': 'Sun, 19 Jun 2022 06:26:46 GMT',
545 silly get     vary: 'Accept-Encoding',
545 silly get     'x-amz-replication-status': 'COMPLETED',
545 silly get     server: 'cloudflare' } ]
546 verbose etag https://registry.npmjs.org/json-stable-stringify-without-jsonify from cache
547 verbose get saving json-stable-stringify-without-jsonify to /home/happy/.npm/registry.npmjs.org/json-stable-stringify-without-jsonify/.cache.json
548 http 304 https://registry.npmjs.org/esutils
549 verbose headers { date: 'Mon, 19 Jun 2023 22:56:24 GMT',
549 verbose headers   connection: 'keep-alive',
549 verbose headers   'cf-ray': '7d9f5d78fbcd84f8-LED',
549 verbose headers   'cf-cache-status': 'HIT',
549 verbose headers   age: '278',
549 verbose headers   'cache-control': 'public, max-age=300',
549 verbose headers   etag: '"d4478fa372339fa01444f573984e4188"',
549 verbose headers   'last-modified': 'Wed, 10 May 2023 18:27:51 GMT',
549 verbose headers   vary: 'Accept-Encoding',
549 verbose headers   'x-amz-replication-status': 'COMPLETED',
549 verbose headers   'x-amz-server-side-encryption': 'AES256',
549 verbose headers   server: 'cloudflare' }
550 silly get cb [ 304,
550 silly get   { date: 'Mon, 19 Jun 2023 22:56:24 GMT',
550 silly get     connection: 'keep-alive',
550 silly get     'cf-ray': '7d9f5d78fbcd84f8-LED',
550 silly get     'cf-cache-status': 'HIT',
550 silly get     age: '278',
550 silly get     'cache-control': 'public, max-age=300',
550 silly get     etag: '"d4478fa372339fa01444f573984e4188"',
550 silly get     'last-modified': 'Wed, 10 May 2023 18:27:51 GMT',
550 silly get     vary: 'Accept-Encoding',
550 silly get     'x-amz-replication-status': 'COMPLETED',
550 silly get     'x-amz-server-side-encryption': 'AES256',
550 silly get     server: 'cloudflare' } ]
551 verbose etag https://registry.npmjs.org/esutils from cache
552 verbose get saving esutils to /home/happy/.npm/registry.npmjs.org/esutils/.cache.json
553 http 304 https://registry.npmjs.org/graphemer
554 verbose headers { date: 'Mon, 19 Jun 2023 22:56:24 GMT',
554 verbose headers   connection: 'keep-alive',
554 verbose headers   'cf-ray': '7d9f5d78fd0dc410-LED',
554 verbose headers   'cf-cache-status': 'HIT',
554 verbose headers   age: '65',
554 verbose headers   'cache-control': 'public, max-age=300',
554 verbose headers   etag: '"d01623a5d07422ed0082b9c23e7ab2eb"',
554 verbose headers   'last-modified': 'Mon, 19 Sep 2022 10:19:35 GMT',
554 verbose headers   vary: 'Accept-Encoding',
554 verbose headers   'x-amz-replication-status': 'COMPLETED',
554 verbose headers   server: 'cloudflare' }
555 silly get cb [ 304,
555 silly get   { date: 'Mon, 19 Jun 2023 22:56:24 GMT',
555 silly get     connection: 'keep-alive',
555 silly get     'cf-ray': '7d9f5d78fd0dc410-LED',
555 silly get     'cf-cache-status': 'HIT',
555 silly get     age: '65',
555 silly get     'cache-control': 'public, max-age=300',
555 silly get     etag: '"d01623a5d07422ed0082b9c23e7ab2eb"',
555 silly get     'last-modified': 'Mon, 19 Sep 2022 10:19:35 GMT',
555 silly get     vary: 'Accept-Encoding',
555 silly get     'x-amz-replication-status': 'COMPLETED',
555 silly get     server: 'cloudflare' } ]
556 verbose etag https://registry.npmjs.org/graphemer from cache
557 verbose get saving graphemer to /home/happy/.npm/registry.npmjs.org/graphemer/.cache.json
558 http 304 https://registry.npmjs.org/optionator
559 verbose headers { date: 'Mon, 19 Jun 2023 22:56:24 GMT',
559 verbose headers   connection: 'keep-alive',
559 verbose headers   'cf-ray': '7d9f5d790db6848c-LED',
559 verbose headers   'cf-cache-status': 'HIT',
559 verbose headers   age: '121',
559 verbose headers   'cache-control': 'public, max-age=300',
559 verbose headers   etag: '"12474b1913e835c760941ab28aff79f0"',
559 verbose headers   'last-modified': 'Thu, 23 Jun 2022 01:21:17 GMT',
559 verbose headers   vary: 'Accept-Encoding',
559 verbose headers   'x-amz-replication-status': 'COMPLETED',
559 verbose headers   server: 'cloudflare' }
560 silly get cb [ 304,
560 silly get   { date: 'Mon, 19 Jun 2023 22:56:24 GMT',
560 silly get     connection: 'keep-alive',
560 silly get     'cf-ray': '7d9f5d790db6848c-LED',
560 silly get     'cf-cache-status': 'HIT',
560 silly get     age: '121',
560 silly get     'cache-control': 'public, max-age=300',
560 silly get     etag: '"12474b1913e835c760941ab28aff79f0"',
560 silly get     'last-modified': 'Thu, 23 Jun 2022 01:21:17 GMT',
560 silly get     vary: 'Accept-Encoding',
560 silly get     'x-amz-replication-status': 'COMPLETED',
560 silly get     server: 'cloudflare' } ]
561 verbose etag https://registry.npmjs.org/optionator from cache
562 verbose get saving optionator to /home/happy/.npm/registry.npmjs.org/optionator/.cache.json
563 http 304 https://registry.npmjs.org/chalk
564 verbose headers { date: 'Mon, 19 Jun 2023 22:56:24 GMT',
564 verbose headers   connection: 'keep-alive',
564 verbose headers   'cf-ray': '7d9f5d78ed1384d4-LED',
564 verbose headers   'cf-cache-status': 'HIT',
564 verbose headers   'cache-control': 'public, max-age=300',
564 verbose headers   etag: '"df5532a52ade5423dad03045fe6963a7"',
564 verbose headers   'last-modified': 'Wed, 10 May 2023 18:28:11 GMT',
564 verbose headers   vary: 'Accept-Encoding',
564 verbose headers   'x-amz-replication-status': 'PENDING',
564 verbose headers   'x-amz-server-side-encryption': 'AES256',
564 verbose headers   server: 'cloudflare' }
565 silly get cb [ 304,
565 silly get   { date: 'Mon, 19 Jun 2023 22:56:24 GMT',
565 silly get     connection: 'keep-alive',
565 silly get     'cf-ray': '7d9f5d78ed1384d4-LED',
565 silly get     'cf-cache-status': 'HIT',
565 silly get     'cache-control': 'public, max-age=300',
565 silly get     etag: '"df5532a52ade5423dad03045fe6963a7"',
565 silly get     'last-modified': 'Wed, 10 May 2023 18:28:11 GMT',
565 silly get     vary: 'Accept-Encoding',
565 silly get     'x-amz-replication-status': 'PENDING',
565 silly get     'x-amz-server-side-encryption': 'AES256',
565 silly get     server: 'cloudflare' } ]
566 verbose etag https://registry.npmjs.org/chalk from cache
567 verbose get saving chalk to /home/happy/.npm/registry.npmjs.org/chalk/.cache.json
568 http 304 https://registry.npmjs.org/lodash.merge
569 verbose headers { date: 'Mon, 19 Jun 2023 22:56:24 GMT',
569 verbose headers   connection: 'keep-alive',
569 verbose headers   'cf-ray': '7d9f5d79094dc3d9-LED',
569 verbose headers   'cf-cache-status': 'HIT',
569 verbose headers   age: '36',
569 verbose headers   'cache-control': 'public, max-age=300',
569 verbose headers   etag: '"c495d94b485a90af1ad26b4bfb7824be"',
569 verbose headers   'last-modified': 'Sun, 19 Jun 2022 13:36:45 GMT',
569 verbose headers   vary: 'Accept-Encoding',
569 verbose headers   'x-amz-replication-status': 'COMPLETED',
569 verbose headers   server: 'cloudflare' }
570 silly get cb [ 304,
570 silly get   { date: 'Mon, 19 Jun 2023 22:56:24 GMT',
570 silly get     connection: 'keep-alive',
570 silly get     'cf-ray': '7d9f5d79094dc3d9-LED',
570 silly get     'cf-cache-status': 'HIT',
570 silly get     age: '36',
570 silly get     'cache-control': 'public, max-age=300',
570 silly get     etag: '"c495d94b485a90af1ad26b4bfb7824be"',
570 silly get     'last-modified': 'Sun, 19 Jun 2022 13:36:45 GMT',
570 silly get     vary: 'Accept-Encoding',
570 silly get     'x-amz-replication-status': 'COMPLETED',
570 silly get     server: 'cloudflare' } ]
571 verbose etag https://registry.npmjs.org/lodash.merge from cache
572 verbose get saving lodash.merge to /home/happy/.npm/registry.npmjs.org/lodash.merge/.cache.json
573 http 304 https://registry.npmjs.org/strip-json-comments
574 verbose headers { date: 'Mon, 19 Jun 2023 22:56:24 GMT',
574 verbose headers   connection: 'keep-alive',
574 verbose headers   'cf-ray': '7d9f5d790d3784d4-LED',
574 verbose headers   'cf-cache-status': 'HIT',
574 verbose headers   age: '289',
574 verbose headers   'cache-control': 'public, max-age=300',
574 verbose headers   etag: '"b9a8b3a4235a806fe60a5100b1e59e00"',
574 verbose headers   'last-modified': 'Tue, 25 Apr 2023 16:42:53 GMT',
574 verbose headers   vary: 'Accept-Encoding',
574 verbose headers   'x-amz-replication-status': 'PENDING',
574 verbose headers   'x-amz-server-side-encryption': 'AES256',
574 verbose headers   server: 'cloudflare' }
575 silly get cb [ 304,
575 silly get   { date: 'Mon, 19 Jun 2023 22:56:24 GMT',
575 silly get     connection: 'keep-alive',
575 silly get     'cf-ray': '7d9f5d790d3784d4-LED',
575 silly get     'cf-cache-status': 'HIT',
575 silly get     age: '289',
575 silly get     'cache-control': 'public, max-age=300',
575 silly get     etag: '"b9a8b3a4235a806fe60a5100b1e59e00"',
575 silly get     'last-modified': 'Tue, 25 Apr 2023 16:42:53 GMT',
575 silly get     vary: 'Accept-Encoding',
575 silly get     'x-amz-replication-status': 'PENDING',
575 silly get     'x-amz-server-side-encryption': 'AES256',
575 silly get     server: 'cloudflare' } ]
576 verbose etag https://registry.npmjs.org/strip-json-comments from cache
577 verbose get saving strip-json-comments to /home/happy/.npm/registry.npmjs.org/strip-json-comments/.cache.json
578 http 304 https://registry.npmjs.org/doctrine
579 verbose headers { date: 'Mon, 19 Jun 2023 22:56:24 GMT',
579 verbose headers   connection: 'keep-alive',
579 verbose headers   'cf-ray': '7d9f5d78fbc984f8-LED',
579 verbose headers   'cf-cache-status': 'HIT',
579 verbose headers   age: '280',
579 verbose headers   'cache-control': 'public, max-age=300',
579 verbose headers   etag: '"fb6897240e948c0e8bd6e8fe01d2b2f3"',
579 verbose headers   'last-modified': 'Wed, 15 Jun 2022 20:25:25 GMT',
579 verbose headers   vary: 'Accept-Encoding',
579 verbose headers   'x-amz-replication-status': 'COMPLETED',
579 verbose headers   server: 'cloudflare' }
580 silly get cb [ 304,
580 silly get   { date: 'Mon, 19 Jun 2023 22:56:24 GMT',
580 silly get     connection: 'keep-alive',
580 silly get     'cf-ray': '7d9f5d78fbc984f8-LED',
580 silly get     'cf-cache-status': 'HIT',
580 silly get     age: '280',
580 silly get     'cache-control': 'public, max-age=300',
580 silly get     etag: '"fb6897240e948c0e8bd6e8fe01d2b2f3"',
580 silly get     'last-modified': 'Wed, 15 Jun 2022 20:25:25 GMT',
580 silly get     vary: 'Accept-Encoding',
580 silly get     'x-amz-replication-status': 'COMPLETED',
580 silly get     server: 'cloudflare' } ]
581 verbose etag https://registry.npmjs.org/doctrine from cache
582 verbose get saving doctrine to /home/happy/.npm/registry.npmjs.org/doctrine/.cache.json
583 http 304 https://registry.npmjs.org/levn
584 verbose headers { date: 'Mon, 19 Jun 2023 22:56:24 GMT',
584 verbose headers   connection: 'keep-alive',
584 verbose headers   'cf-ray': '7d9f5d790ad084b0-LED',
584 verbose headers   'cf-cache-status': 'HIT',
584 verbose headers   age: '267',
584 verbose headers   'cache-control': 'public, max-age=300',
584 verbose headers   etag: '"aa70863c17bedaf7d53d3f9b7692c8b1"',
584 verbose headers   'last-modified': 'Sun, 19 Jun 2022 11:54:52 GMT',
584 verbose headers   vary: 'Accept-Encoding',
584 verbose headers   'x-amz-replication-status': 'COMPLETED',
584 verbose headers   server: 'cloudflare' }
585 silly get cb [ 304,
585 silly get   { date: 'Mon, 19 Jun 2023 22:56:24 GMT',
585 silly get     connection: 'keep-alive',
585 silly get     'cf-ray': '7d9f5d790ad084b0-LED',
585 silly get     'cf-cache-status': 'HIT',
585 silly get     age: '267',
585 silly get     'cache-control': 'public, max-age=300',
585 silly get     etag: '"aa70863c17bedaf7d53d3f9b7692c8b1"',
585 silly get     'last-modified': 'Sun, 19 Jun 2022 11:54:52 GMT',
585 silly get     vary: 'Accept-Encoding',
585 silly get     'x-amz-replication-status': 'COMPLETED',
585 silly get     server: 'cloudflare' } ]
586 verbose etag https://registry.npmjs.org/levn from cache
587 verbose get saving levn to /home/happy/.npm/registry.npmjs.org/levn/.cache.json
588 http 304 https://registry.npmjs.org/escape-string-regexp
589 verbose headers { date: 'Mon, 19 Jun 2023 22:56:24 GMT',
589 verbose headers   connection: 'keep-alive',
589 verbose headers   'cf-ray': '7d9f5d78fbc684f8-LED',
589 verbose headers   'cf-cache-status': 'HIT',
589 verbose headers   'cache-control': 'public, max-age=300',
589 verbose headers   etag: '"5e213424defa04b896ba760418dda8e3"',
589 verbose headers   'last-modified': 'Tue, 25 Apr 2023 16:42:42 GMT',
589 verbose headers   vary: 'Accept-Encoding',
589 verbose headers   'x-amz-replication-status': 'PENDING',
589 verbose headers   'x-amz-server-side-encryption': 'AES256',
589 verbose headers   server: 'cloudflare' }
590 silly get cb [ 304,
590 silly get   { date: 'Mon, 19 Jun 2023 22:56:24 GMT',
590 silly get     connection: 'keep-alive',
590 silly get     'cf-ray': '7d9f5d78fbc684f8-LED',
590 silly get     'cf-cache-status': 'HIT',
590 silly get     'cache-control': 'public, max-age=300',
590 silly get     etag: '"5e213424defa04b896ba760418dda8e3"',
590 silly get     'last-modified': 'Tue, 25 Apr 2023 16:42:42 GMT',
590 silly get     vary: 'Accept-Encoding',
590 silly get     'x-amz-replication-status': 'PENDING',
590 silly get     'x-amz-server-side-encryption': 'AES256',
590 silly get     server: 'cloudflare' } ]
591 verbose etag https://registry.npmjs.org/escape-string-regexp from cache
592 verbose get saving escape-string-regexp to /home/happy/.npm/registry.npmjs.org/escape-string-regexp/.cache.json
593 http 304 https://registry.npmjs.org/is-path-inside
594 verbose headers { date: 'Mon, 19 Jun 2023 22:56:24 GMT',
594 verbose headers   connection: 'keep-alive',
594 verbose headers   'cf-ray': '7d9f5d790abf84b0-LED',
594 verbose headers   'cf-cache-status': 'HIT',
594 verbose headers   age: '271',
594 verbose headers   'cache-control': 'public, max-age=300',
594 verbose headers   etag: '"b0b29d521ef519bfbcf5c17414bffceb"',
594 verbose headers   'last-modified': 'Sun, 19 Jun 2022 02:47:49 GMT',
594 verbose headers   vary: 'Accept-Encoding',
594 verbose headers   'x-amz-replication-status': 'COMPLETED',
594 verbose headers   server: 'cloudflare' }
595 silly get cb [ 304,
595 silly get   { date: 'Mon, 19 Jun 2023 22:56:24 GMT',
595 silly get     connection: 'keep-alive',
595 silly get     'cf-ray': '7d9f5d790abf84b0-LED',
595 silly get     'cf-cache-status': 'HIT',
595 silly get     age: '271',
595 silly get     'cache-control': 'public, max-age=300',
595 silly get     etag: '"b0b29d521ef519bfbcf5c17414bffceb"',
595 silly get     'last-modified': 'Sun, 19 Jun 2022 02:47:49 GMT',
595 silly get     vary: 'Accept-Encoding',
595 silly get     'x-amz-replication-status': 'COMPLETED',
595 silly get     server: 'cloudflare' } ]
596 verbose etag https://registry.npmjs.org/is-path-inside from cache
597 verbose get saving is-path-inside to /home/happy/.npm/registry.npmjs.org/is-path-inside/.cache.json
598 http 304 https://registry.npmjs.org/ignore
599 verbose headers { date: 'Mon, 19 Jun 2023 22:56:24 GMT',
599 verbose headers   connection: 'keep-alive',
599 verbose headers   'cf-ray': '7d9f5d790c7cc3e3-LED',
599 verbose headers   'cf-cache-status': 'HIT',
599 verbose headers   age: '286',
599 verbose headers   'cache-control': 'public, max-age=300',
599 verbose headers   etag: '"c6139c469e6d0a595b3fcd8fdbf311ea"',
599 verbose headers   'last-modified': 'Mon, 19 Dec 2022 16:01:45 GMT',
599 verbose headers   vary: 'Accept-Encoding',
599 verbose headers   'x-amz-replication-status': 'COMPLETED',
599 verbose headers   'x-amz-server-side-encryption': 'AES256',
599 verbose headers   server: 'cloudflare' }
600 silly get cb [ 304,
600 silly get   { date: 'Mon, 19 Jun 2023 22:56:24 GMT',
600 silly get     connection: 'keep-alive',
600 silly get     'cf-ray': '7d9f5d790c7cc3e3-LED',
600 silly get     'cf-cache-status': 'HIT',
600 silly get     age: '286',
600 silly get     'cache-control': 'public, max-age=300',
600 silly get     etag: '"c6139c469e6d0a595b3fcd8fdbf311ea"',
600 silly get     'last-modified': 'Mon, 19 Dec 2022 16:01:45 GMT',
600 silly get     vary: 'Accept-Encoding',
600 silly get     'x-amz-replication-status': 'COMPLETED',
600 silly get     'x-amz-server-side-encryption': 'AES256',
600 silly get     server: 'cloudflare' } ]
601 verbose etag https://registry.npmjs.org/ignore from cache
602 verbose get saving ignore to /home/happy/.npm/registry.npmjs.org/ignore/.cache.json
603 http 304 https://registry.npmjs.org/eslint-visitor-keys
604 verbose headers { date: 'Mon, 19 Jun 2023 22:56:24 GMT',
604 verbose headers   connection: 'keep-alive',
604 verbose headers   'cf-ray': '7d9f5d78fd75848c-LED',
604 verbose headers   'cf-cache-status': 'HIT',
604 verbose headers   age: '284',
604 verbose headers   'cache-control': 'public, max-age=300',
604 verbose headers   etag: '"b7c5cf65a93911f7d317f398a055b90f"',
604 verbose headers   'last-modified': 'Fri, 05 May 2023 18:36:03 GMT',
604 verbose headers   vary: 'Accept-Encoding',
604 verbose headers   'x-amz-replication-status': 'COMPLETED',
604 verbose headers   'x-amz-server-side-encryption': 'AES256',
604 verbose headers   server: 'cloudflare' }
605 silly get cb [ 304,
605 silly get   { date: 'Mon, 19 Jun 2023 22:56:24 GMT',
605 silly get     connection: 'keep-alive',
605 silly get     'cf-ray': '7d9f5d78fd75848c-LED',
605 silly get     'cf-cache-status': 'HIT',
605 silly get     age: '284',
605 silly get     'cache-control': 'public, max-age=300',
605 silly get     etag: '"b7c5cf65a93911f7d317f398a055b90f"',
605 silly get     'last-modified': 'Fri, 05 May 2023 18:36:03 GMT',
605 silly get     vary: 'Accept-Encoding',
605 silly get     'x-amz-replication-status': 'COMPLETED',
605 silly get     'x-amz-server-side-encryption': 'AES256',
605 silly get     server: 'cloudflare' } ]
606 verbose etag https://registry.npmjs.org/eslint-visitor-keys from cache
607 verbose get saving eslint-visitor-keys to /home/happy/.npm/registry.npmjs.org/eslint-visitor-keys/.cache.json
608 http 304 https://registry.npmjs.org/glob-parent
609 verbose headers { date: 'Mon, 19 Jun 2023 22:56:24 GMT',
609 verbose headers   connection: 'keep-alive',
609 verbose headers   'cf-ray': '7d9f5d78f9cac3ed-LED',
609 verbose headers   'cf-cache-status': 'HIT',
609 verbose headers   'cache-control': 'public, max-age=300',
609 verbose headers   etag: '"af32bbddd722255065f186eba7eade5b"',
609 verbose headers   'last-modified': 'Sat, 18 Jun 2022 12:54:25 GMT',
609 verbose headers   vary: 'Accept-Encoding',
609 verbose headers   'x-amz-replication-status': 'COMPLETED',
609 verbose headers   server: 'cloudflare' }
610 silly get cb [ 304,
610 silly get   { date: 'Mon, 19 Jun 2023 22:56:24 GMT',
610 silly get     connection: 'keep-alive',
610 silly get     'cf-ray': '7d9f5d78f9cac3ed-LED',
610 silly get     'cf-cache-status': 'HIT',
610 silly get     'cache-control': 'public, max-age=300',
610 silly get     etag: '"af32bbddd722255065f186eba7eade5b"',
610 silly get     'last-modified': 'Sat, 18 Jun 2022 12:54:25 GMT',
610 silly get     vary: 'Accept-Encoding',
610 silly get     'x-amz-replication-status': 'COMPLETED',
610 silly get     server: 'cloudflare' } ]
611 verbose etag https://registry.npmjs.org/glob-parent from cache
612 verbose get saving glob-parent to /home/happy/.npm/registry.npmjs.org/glob-parent/.cache.json
613 http 304 https://registry.npmjs.org/cross-spawn
614 verbose headers { date: 'Mon, 19 Jun 2023 22:56:24 GMT',
614 verbose headers   connection: 'keep-alive',
614 verbose headers   'cf-ray': '7d9f5d78eb12c3cf-LED',
614 verbose headers   'cf-cache-status': 'HIT',
614 verbose headers   'cache-control': 'public, max-age=300',
614 verbose headers   etag: '"6d8a1e12ecf935857e3cee4b2605773b"',
614 verbose headers   'last-modified': 'Tue, 14 Jun 2022 03:41:17 GMT',
614 verbose headers   vary: 'Accept-Encoding',
614 verbose headers   'x-amz-replication-status': 'COMPLETED',
614 verbose headers   server: 'cloudflare' }
615 silly get cb [ 304,
615 silly get   { date: 'Mon, 19 Jun 2023 22:56:24 GMT',
615 silly get     connection: 'keep-alive',
615 silly get     'cf-ray': '7d9f5d78eb12c3cf-LED',
615 silly get     'cf-cache-status': 'HIT',
615 silly get     'cache-control': 'public, max-age=300',
615 silly get     etag: '"6d8a1e12ecf935857e3cee4b2605773b"',
615 silly get     'last-modified': 'Tue, 14 Jun 2022 03:41:17 GMT',
615 silly get     vary: 'Accept-Encoding',
615 silly get     'x-amz-replication-status': 'COMPLETED',
615 silly get     server: 'cloudflare' } ]
616 verbose etag https://registry.npmjs.org/cross-spawn from cache
617 verbose get saving cross-spawn to /home/happy/.npm/registry.npmjs.org/cross-spawn/.cache.json
618 http 304 https://registry.npmjs.org/@eslint%2feslintrc
619 verbose headers { date: 'Mon, 19 Jun 2023 22:56:24 GMT',
619 verbose headers   connection: 'keep-alive',
619 verbose headers   'cf-ray': '7d9f5d78eef2c43d-LED',
619 verbose headers   'cf-cache-status': 'HIT',
619 verbose headers   age: '265',
619 verbose headers   'cache-control': 'public, max-age=300',
619 verbose headers   etag: '"4be80b07c099e933299399b58e9d9e4e"',
619 verbose headers   'last-modified': 'Fri, 05 May 2023 19:34:30 GMT',
619 verbose headers   vary: 'Accept-Encoding',
619 verbose headers   'x-amz-replication-status': 'COMPLETED',
619 verbose headers   'x-amz-server-side-encryption': 'AES256',
619 verbose headers   server: 'cloudflare' }
620 silly get cb [ 304,
620 silly get   { date: 'Mon, 19 Jun 2023 22:56:24 GMT',
620 silly get     connection: 'keep-alive',
620 silly get     'cf-ray': '7d9f5d78eef2c43d-LED',
620 silly get     'cf-cache-status': 'HIT',
620 silly get     age: '265',
620 silly get     'cache-control': 'public, max-age=300',
620 silly get     etag: '"4be80b07c099e933299399b58e9d9e4e"',
620 silly get     'last-modified': 'Fri, 05 May 2023 19:34:30 GMT',
620 silly get     vary: 'Accept-Encoding',
620 silly get     'x-amz-replication-status': 'COMPLETED',
620 silly get     'x-amz-server-side-encryption': 'AES256',
620 silly get     server: 'cloudflare' } ]
621 verbose etag https://registry.npmjs.org/@eslint%2feslintrc from cache
622 verbose get saving @eslint/eslintrc to /home/happy/.npm/registry.npmjs.org/_40eslint_252feslintrc/.cache.json
623 http 304 https://registry.npmjs.org/imurmurhash
624 verbose headers { date: 'Mon, 19 Jun 2023 22:56:24 GMT',
624 verbose headers   connection: 'keep-alive',
624 verbose headers   'cf-ray': '7d9f5d790d9284ec-LED',
624 verbose headers   'cf-cache-status': 'HIT',
624 verbose headers   age: '278',
624 verbose headers   'cache-control': 'public, max-age=300',
624 verbose headers   etag: '"d073868dea274007f24bf6cc80bdabfa"',
624 verbose headers   'last-modified': 'Sun, 19 Jun 2022 00:57:19 GMT',
624 verbose headers   vary: 'Accept-Encoding',
624 verbose headers   'x-amz-replication-status': 'COMPLETED',
624 verbose headers   server: 'cloudflare' }
625 silly get cb [ 304,
625 silly get   { date: 'Mon, 19 Jun 2023 22:56:24 GMT',
625 silly get     connection: 'keep-alive',
625 silly get     'cf-ray': '7d9f5d790d9284ec-LED',
625 silly get     'cf-cache-status': 'HIT',
625 silly get     age: '278',
625 silly get     'cache-control': 'public, max-age=300',
625 silly get     etag: '"d073868dea274007f24bf6cc80bdabfa"',
625 silly get     'last-modified': 'Sun, 19 Jun 2022 00:57:19 GMT',
625 silly get     vary: 'Accept-Encoding',
625 silly get     'x-amz-replication-status': 'COMPLETED',
625 silly get     server: 'cloudflare' } ]
626 verbose etag https://registry.npmjs.org/imurmurhash from cache
627 verbose get saving imurmurhash to /home/happy/.npm/registry.npmjs.org/imurmurhash/.cache.json
628 http 304 https://registry.npmjs.org/text-table
629 verbose headers { date: 'Mon, 19 Jun 2023 22:56:24 GMT',
629 verbose headers   connection: 'keep-alive',
629 verbose headers   'cf-ray': '7d9f5d790ac284b0-LED',
629 verbose headers   'cf-cache-status': 'HIT',
629 verbose headers   age: '284',
629 verbose headers   'cache-control': 'public, max-age=300',
629 verbose headers   etag: '"2cfced14ec5dbdd8aa952ac107c977d3"',
629 verbose headers   'last-modified': 'Wed, 08 Mar 2023 01:53:51 GMT',
629 verbose headers   vary: 'Accept-Encoding',
629 verbose headers   'x-amz-replication-status': 'COMPLETED',
629 verbose headers   'x-amz-server-side-encryption': 'AES256',
629 verbose headers   server: 'cloudflare' }
630 silly get cb [ 304,
630 silly get   { date: 'Mon, 19 Jun 2023 22:56:24 GMT',
630 silly get     connection: 'keep-alive',
630 silly get     'cf-ray': '7d9f5d790ac284b0-LED',
630 silly get     'cf-cache-status': 'HIT',
630 silly get     age: '284',
630 silly get     'cache-control': 'public, max-age=300',
630 silly get     etag: '"2cfced14ec5dbdd8aa952ac107c977d3"',
630 silly get     'last-modified': 'Wed, 08 Mar 2023 01:53:51 GMT',
630 silly get     vary: 'Accept-Encoding',
630 silly get     'x-amz-replication-status': 'COMPLETED',
630 silly get     'x-amz-server-side-encryption': 'AES256',
630 silly get     server: 'cloudflare' } ]
631 verbose etag https://registry.npmjs.org/text-table from cache
632 verbose get saving text-table to /home/happy/.npm/registry.npmjs.org/text-table/.cache.json
633 http 304 https://registry.npmjs.org/ajv
634 verbose headers { date: 'Mon, 19 Jun 2023 22:56:24 GMT',
634 verbose headers   connection: 'keep-alive',
634 verbose headers   'cf-ray': '7d9f5d78fca6c3f7-LED',
634 verbose headers   'cf-cache-status': 'HIT',
634 verbose headers   'cache-control': 'public, max-age=300',
634 verbose headers   etag: '"ed29026adacbabd0322cdc6c79f375c6"',
634 verbose headers   'last-modified': 'Wed, 10 May 2023 18:28:00 GMT',
634 verbose headers   vary: 'Accept-Encoding',
634 verbose headers   'x-amz-replication-status': 'PENDING',
634 verbose headers   'x-amz-server-side-encryption': 'AES256',
634 verbose headers   server: 'cloudflare' }
635 silly get cb [ 304,
635 silly get   { date: 'Mon, 19 Jun 2023 22:56:24 GMT',
635 silly get     connection: 'keep-alive',
635 silly get     'cf-ray': '7d9f5d78fca6c3f7-LED',
635 silly get     'cf-cache-status': 'HIT',
635 silly get     'cache-control': 'public, max-age=300',
635 silly get     etag: '"ed29026adacbabd0322cdc6c79f375c6"',
635 silly get     'last-modified': 'Wed, 10 May 2023 18:28:00 GMT',
635 silly get     vary: 'Accept-Encoding',
635 silly get     'x-amz-replication-status': 'PENDING',
635 silly get     'x-amz-server-side-encryption': 'AES256',
635 silly get     server: 'cloudflare' } ]
636 verbose etag https://registry.npmjs.org/ajv from cache
637 verbose get saving ajv to /home/happy/.npm/registry.npmjs.org/ajv/.cache.json
638 http 304 https://registry.npmjs.org/@eslint-community%2feslint-utils
639 verbose headers { date: 'Mon, 19 Jun 2023 22:56:24 GMT',
639 verbose headers   connection: 'keep-alive',
639 verbose headers   'cf-ray': '7d9f5d788edfc401-LED',
639 verbose headers   'cf-cache-status': 'HIT',
639 verbose headers   'cache-control': 'public, max-age=300',
639 verbose headers   etag: '"868a4f92ffea6af62cf82d9049cbc561"',
639 verbose headers   'last-modified': 'Fri, 24 Mar 2023 03:44:49 GMT',
639 verbose headers   vary: 'Accept-Encoding',
639 verbose headers   'x-amz-replication-status': 'COMPLETED',
639 verbose headers   'x-amz-server-side-encryption': 'AES256',
639 verbose headers   server: 'cloudflare' }
640 silly get cb [ 304,
640 silly get   { date: 'Mon, 19 Jun 2023 22:56:24 GMT',
640 silly get     connection: 'keep-alive',
640 silly get     'cf-ray': '7d9f5d788edfc401-LED',
640 silly get     'cf-cache-status': 'HIT',
640 silly get     'cache-control': 'public, max-age=300',
640 silly get     etag: '"868a4f92ffea6af62cf82d9049cbc561"',
640 silly get     'last-modified': 'Fri, 24 Mar 2023 03:44:49 GMT',
640 silly get     vary: 'Accept-Encoding',
640 silly get     'x-amz-replication-status': 'COMPLETED',
640 silly get     'x-amz-server-side-encryption': 'AES256',
640 silly get     server: 'cloudflare' } ]
641 verbose etag https://registry.npmjs.org/@eslint-community%2feslint-utils from cache
642 verbose get saving @eslint-community/eslint-utils to /home/happy/.npm/registry.npmjs.org/_40eslint-community_252feslint-utils/.cache.json
643 http 304 https://registry.npmjs.org/@eslint-community%2fregexpp
644 verbose headers { date: 'Mon, 19 Jun 2023 22:56:24 GMT',
644 verbose headers   connection: 'keep-alive',
644 verbose headers   'cf-ray': '7d9f5d78eb5784a4-LED',
644 verbose headers   'cf-cache-status': 'HIT',
644 verbose headers   'cache-control': 'public, max-age=300',
644 verbose headers   etag: '"87c276681cb89f214b0871436b55dd98"',
644 verbose headers   'last-modified': 'Sun, 30 Apr 2023 01:35:40 GMT',
644 verbose headers   vary: 'Accept-Encoding',
644 verbose headers   'x-amz-replication-status': 'COMPLETED',
644 verbose headers   'x-amz-server-side-encryption': 'AES256',
644 verbose headers   server: 'cloudflare' }
645 silly get cb [ 304,
645 silly get   { date: 'Mon, 19 Jun 2023 22:56:24 GMT',
645 silly get     connection: 'keep-alive',
645 silly get     'cf-ray': '7d9f5d78eb5784a4-LED',
645 silly get     'cf-cache-status': 'HIT',
645 silly get     'cache-control': 'public, max-age=300',
645 silly get     etag: '"87c276681cb89f214b0871436b55dd98"',
645 silly get     'last-modified': 'Sun, 30 Apr 2023 01:35:40 GMT',
645 silly get     vary: 'Accept-Encoding',
645 silly get     'x-amz-replication-status': 'COMPLETED',
645 silly get     'x-amz-server-side-encryption': 'AES256',
645 silly get     server: 'cloudflare' } ]
646 verbose etag https://registry.npmjs.org/@eslint-community%2fregexpp from cache
647 verbose get saving @eslint-community/regexpp to /home/happy/.npm/registry.npmjs.org/_40eslint-community_252fregexpp/.cache.json
648 http 304 https://registry.npmjs.org/minimatch
649 verbose headers { date: 'Mon, 19 Jun 2023 22:56:24 GMT',
649 verbose headers   connection: 'keep-alive',
649 verbose headers   'cf-ray': '7d9f5d790ac184b0-LED',
649 verbose headers   'cf-cache-status': 'HIT',
649 verbose headers   age: '22',
649 verbose headers   'cache-control': 'public, max-age=300',
649 verbose headers   etag: '"f07540111c9b23ba486a391f7191d43e"',
649 verbose headers   'last-modified': 'Sun, 28 May 2023 20:11:10 GMT',
649 verbose headers   vary: 'Accept-Encoding',
649 verbose headers   'x-amz-replication-status': 'PENDING',
649 verbose headers   'x-amz-server-side-encryption': 'AES256',
649 verbose headers   server: 'cloudflare' }
650 silly get cb [ 304,
650 silly get   { date: 'Mon, 19 Jun 2023 22:56:24 GMT',
650 silly get     connection: 'keep-alive',
650 silly get     'cf-ray': '7d9f5d790ac184b0-LED',
650 silly get     'cf-cache-status': 'HIT',
650 silly get     age: '22',
650 silly get     'cache-control': 'public, max-age=300',
650 silly get     etag: '"f07540111c9b23ba486a391f7191d43e"',
650 silly get     'last-modified': 'Sun, 28 May 2023 20:11:10 GMT',
650 silly get     vary: 'Accept-Encoding',
650 silly get     'x-amz-replication-status': 'PENDING',
650 silly get     'x-amz-server-side-encryption': 'AES256',
650 silly get     server: 'cloudflare' } ]
651 verbose etag https://registry.npmjs.org/minimatch from cache
652 verbose get saving minimatch to /home/happy/.npm/registry.npmjs.org/minimatch/.cache.json
653 verbose stack Error: Missing required argument #1
653 verbose stack     at andLogAndFinish (/usr/share/npm/lib/fetch-package-metadata.js:31:3)
653 verbose stack     at fetchPackageMetadata (/usr/share/npm/lib/fetch-package-metadata.js:51:22)
653 verbose stack     at resolveWithNewModule (/usr/share/npm/lib/install/deps.js:456:12)
653 verbose stack     at /usr/share/npm/lib/install/deps.js:457:7
653 verbose stack     at /usr/share/npm/node_modules/iferr/index.js:13:50
653 verbose stack     at /usr/share/npm/lib/fetch-package-metadata.js:37:12
653 verbose stack     at addRequestedAndFinish (/usr/share/npm/lib/fetch-package-metadata.js:82:5)
653 verbose stack     at returnAndAddMetadata (/usr/share/npm/lib/fetch-package-metadata.js:117:7)
653 verbose stack     at pickVersionFromRegistryDocument (/usr/share/npm/lib/fetch-package-metadata.js:134:20)
653 verbose stack     at /usr/share/npm/node_modules/iferr/index.js:13:50
654 verbose cwd /home/happy/Downloads/Js/frontend-project-46
655 error Linux 5.4.0-150-generic
656 error argv "/usr/bin/node" "/usr/bin/npm" "install" "--save-dev" "eslint"
657 error node v8.10.0
658 error npm  v3.5.2
659 error code EMISSINGARG
660 error typeerror Error: Missing required argument #1
660 error typeerror     at andLogAndFinish (/usr/share/npm/lib/fetch-package-metadata.js:31:3)
660 error typeerror     at fetchPackageMetadata (/usr/share/npm/lib/fetch-package-metadata.js:51:22)
660 error typeerror     at resolveWithNewModule (/usr/share/npm/lib/install/deps.js:456:12)
660 error typeerror     at /usr/share/npm/lib/install/deps.js:457:7
660 error typeerror     at /usr/share/npm/node_modules/iferr/index.js:13:50
660 error typeerror     at /usr/share/npm/lib/fetch-package-metadata.js:37:12
660 error typeerror     at addRequestedAndFinish (/usr/share/npm/lib/fetch-package-metadata.js:82:5)
660 error typeerror     at returnAndAddMetadata (/usr/share/npm/lib/fetch-package-metadata.js:117:7)
660 error typeerror     at pickVersionFromRegistryDocument (/usr/share/npm/lib/fetch-package-metadata.js:134:20)
660 error typeerror     at /usr/share/npm/node_modules/iferr/index.js:13:50
661 error typeerror This is an error with npm itself. Please report this error at:
661 error typeerror     <http://github.com/npm/npm/issues>
662 verbose exit [ 1, true ]
